#
# There is insufficient memory for the Java Runtime Environment to continue.
# Native memory allocation (malloc) failed to allocate 1418736 bytes for Chunk::new
# Possible reasons:
#   The system is out of physical RAM or swap space
#   The process is running with CompressedOops enabled, and the Java Heap may be blocking the growth of the native heap
# Possible solutions:
#   Reduce memory load on the system
#   Increase physical memory or swap space
#   Check if swap backing store is full
#   Decrease Java heap size (-Xmx/-Xms)
#   Decrease number of Java threads
#   Decrease Java thread stack sizes (-Xss)
#   Set larger code cache with -XX:ReservedCodeCacheSize=
#   JVM is running with Zero Based Compressed Oops mode in which the Java heap is
#     placed in the first 32GB address space. The Java Heap base address is the
#     maximum limit for the native heap growth. Please use -XX:HeapBaseMinAddress
#     to set the Java Heap base and to place the Java Heap above 32GB virtual address.
# This output file may be truncated or incomplete.
#
#  Out of Memory Error (arena.cpp:189), pid=6132, tid=21244
#
# JRE version: Java(TM) SE Runtime Environment (17.0.12+8) (build 17.0.12+8-LTS-286)
# Java VM: Java HotSpot(TM) 64-Bit Server VM (17.0.12+8-LTS-286, mixed mode, sharing, tiered, compressed oops, compressed class ptrs, g1 gc, windows-amd64)
# No core dump will be written. Minidumps are not enabled by default on client versions of Windows
#

---------------  S U M M A R Y ------------

Command Line: -Dapplication.home=C:\Program Files\Java\jdk-17 --add-modules=ALL-DEFAULT -Xms8m -Djdk.module.main=jdk.compiler jdk.compiler/com.sun.tools.javac.Main -cp backend\jasper\lib\commons-collections-3.2.2.jar;backend\jasper\lib\commons-digester-2.1.jar;backend\jasper\lib\commons-logging-1.2.jar;backend\jasper\lib\groovy-all-3.0.19-sources.jar;backend\jasper\lib\jasperreports-6.21.3.jar;backend\jasper\lib\openpdf-1.3.32.jar backend\jasper\JasperRenderer.java

Host: 12th Gen Intel(R) Core(TM) i5-12500T, 12 cores, 15G,  Windows 11 , 64 bit Build 26100 (10.0.26100.7623)
Time: Tue Jan 27 10:57:10 2026 Hora est. Pacífico, Sudamérica elapsed time: 3.595644 seconds (0d 0h 0m 3s)

---------------  T H R E A D  ---------------

Current thread (0x000001ebf6f54560):  JavaThread "C2 CompilerThread0" daemon [_thread_in_native, id=21244, stack(0x00000074f2900000,0x00000074f2a00000)]


Current CompileTask:
C2:   3595 1002   !   4       com.sun.tools.javac.file.JavacFileManager$ArchiveContainer::walkDirectories (134 bytes)

Stack: [0x00000074f2900000,0x00000074f2a00000]
Native frames: (J=compiled Java code, j=interpreted, Vv=VM code, C=native code)
V  [jvm.dll+0x67a04a]
V  [jvm.dll+0x7da4ed]
V  [jvm.dll+0x7dbe33]
V  [jvm.dll+0x7dc4a3]
V  [jvm.dll+0x24508f]
V  [jvm.dll+0xab773]
V  [jvm.dll+0xabd3c]
V  [jvm.dll+0x361b9f]
V  [jvm.dll+0x1ba45a]
V  [jvm.dll+0x216997]
V  [jvm.dll+0x215c6f]
V  [jvm.dll+0x1a2960]
V  [jvm.dll+0x22610b]
V  [jvm.dll+0x2242ab]
V  [jvm.dll+0x79075c]
V  [jvm.dll+0x78abea]
V  [jvm.dll+0x678f35]
C  [ucrtbase.dll+0x37b0]
C  [KERNEL32.DLL+0x2e8d7]
C  [ntdll.dll+0x8c53c]


---------------  P R O C E S S  ---------------

Threads class SMR info:
_java_thread_list=0x000001ebfb46f050, length=14, elements={
0x000001ebd3fd5970, 0x000001ebf6f2a330, 0x000001ebf6f2b860, 0x000001ebf6f41760,
0x000001ebf6f42120, 0x000001ebf6f43c60, 0x000001ebf6f459a0, 0x000001ebf6f54560,
0x000001ebf6f569a0, 0x000001ebf6f573a0, 0x000001ebfb19b040, 0x000001ebfb212790,
0x000001ebfb6d9fe0, 0x000001ebfb990750
}

Java Threads: ( => current thread )
  0x000001ebd3fd5970 JavaThread "main" [_thread_blocked, id=23084, stack(0x00000074f1c00000,0x00000074f1d00000)]
  0x000001ebf6f2a330 JavaThread "Reference Handler" daemon [_thread_blocked, id=8924, stack(0x00000074f2300000,0x00000074f2400000)]
  0x000001ebf6f2b860 JavaThread "Finalizer" daemon [_thread_blocked, id=16976, stack(0x00000074f2400000,0x00000074f2500000)]
  0x000001ebf6f41760 JavaThread "Signal Dispatcher" daemon [_thread_blocked, id=19840, stack(0x00000074f2500000,0x00000074f2600000)]
  0x000001ebf6f42120 JavaThread "Attach Listener" daemon [_thread_blocked, id=9028, stack(0x00000074f2600000,0x00000074f2700000)]
  0x000001ebf6f43c60 JavaThread "Service Thread" daemon [_thread_blocked, id=17192, stack(0x00000074f2700000,0x00000074f2800000)]
  0x000001ebf6f459a0 JavaThread "Monitor Deflation Thread" daemon [_thread_blocked, id=22188, stack(0x00000074f2800000,0x00000074f2900000)]
=>0x000001ebf6f54560 JavaThread "C2 CompilerThread0" daemon [_thread_in_native, id=21244, stack(0x00000074f2900000,0x00000074f2a00000)]
  0x000001ebf6f569a0 JavaThread "C1 CompilerThread0" daemon [_thread_blocked, id=19132, stack(0x00000074f2a00000,0x00000074f2b00000)]
  0x000001ebf6f573a0 JavaThread "Sweeper thread" daemon [_thread_blocked, id=18452, stack(0x00000074f2b00000,0x00000074f2c00000)]
  0x000001ebfb19b040 JavaThread "Common-Cleaner" daemon [_thread_blocked, id=6672, stack(0x00000074f2c00000,0x00000074f2d00000)]
  0x000001ebfb212790 JavaThread "Notification Thread" daemon [_thread_blocked, id=5156, stack(0x00000074f2d00000,0x00000074f2e00000)]
  0x000001ebfb6d9fe0 JavaThread "C2 CompilerThread1" daemon [_thread_in_native, id=19684, stack(0x00000074f3400000,0x00000074f3500000)]
  0x000001ebfb990750 JavaThread "C2 CompilerThread2" daemon [_thread_blocked, id=19612, stack(0x00000074f3500000,0x00000074f3600000)]

Other Threads:
  0x000001ebf6f24e10 VMThread "VM Thread" [stack: 0x00000074f2200000,0x00000074f2300000] [id=15772]
  0x000001ebd4059a50 WatcherThread [stack: 0x00000074f2e00000,0x00000074f2f00000] [id=21388]
  0x000001ebd403e250 GCTaskThread "GC Thread#0" [stack: 0x00000074f1d00000,0x00000074f1e00000] [id=17840]
  0x000001ebfb364cd0 GCTaskThread "GC Thread#1" [stack: 0x00000074f2f00000,0x00000074f3000000] [id=11936]
  0x000001ebfb36e710 GCTaskThread "GC Thread#2" [stack: 0x00000074f3000000,0x00000074f3100000] [id=8620]
  0x000001ebfb36f9e0 GCTaskThread "GC Thread#3" [stack: 0x00000074f3100000,0x00000074f3200000] [id=2884]
  0x000001ebfb46fd60 GCTaskThread "GC Thread#4" [stack: 0x00000074f3200000,0x00000074f3300000] [id=3064]
  0x000001ebfb4b3220 GCTaskThread "GC Thread#5" [stack: 0x00000074f3300000,0x00000074f3400000] [id=20956]
  0x000001ebfc593220 GCTaskThread "GC Thread#6" [stack: 0x00000074f3600000,0x00000074f3700000] [id=4184]
  0x000001ebd404ffe0 ConcurrentGCThread "G1 Main Marker" [stack: 0x00000074f1e00000,0x00000074f1f00000] [id=9432]
  0x000001ebd40508f0 ConcurrentGCThread "G1 Conc#0" [stack: 0x00000074f1f00000,0x00000074f2000000] [id=19080]
  0x000001ebd4086cf0 ConcurrentGCThread "G1 Refine#0" [stack: 0x00000074f2000000,0x00000074f2100000] [id=23028]
  0x000001ebd40884d0 ConcurrentGCThread "G1 Service" [stack: 0x00000074f2100000,0x00000074f2200000] [id=18552]

Threads with active compile tasks:
C2 CompilerThread0     3613 1002   !   4       com.sun.tools.javac.file.JavacFileManager$ArchiveContainer::walkDirectories (134 bytes)
C2 CompilerThread1     3613 1447   !   4       com.sun.tools.javac.jvm.ClassReader::classSigToType (497 bytes)

VM state: not at safepoint (normal execution)

VM Mutex/Monitor currently owned by a thread: None

Heap address: 0x0000000705200000, size: 4014 MB, Compressed Oops mode: Zero based, Oop shift amount: 3

CDS archive(s) mapped at: [0x000001eb80000000-0x000001eb80bd0000-0x000001eb80bd0000), size 12386304, SharedBaseAddress: 0x000001eb80000000, ArchiveRelocationMode: 1.
Compressed class space mapped at: 0x000001eb81000000-0x000001ebc1000000, reserved size: 1073741824
Narrow klass base: 0x000001eb80000000, Narrow klass shift: 0, Narrow klass range: 0x100000000

GC Precious Log:
 CPUs: 12 total, 12 available
 Memory: 16053M
 Large Page Support: Disabled
 NUMA Support: Disabled
 Compressed Oops: Enabled (Zero based)
 Heap Region Size: 2M
 Heap Min Capacity: 8M
 Heap Initial Capacity: 8M
 Heap Max Capacity: 4014M
 Pre-touch: Disabled
 Parallel Workers: 10
 Concurrent Workers: 3
 Concurrent Refinement Workers: 10
 Periodic GC: Disabled

Heap:
 garbage-first heap   total 28672K, used 10501K [0x0000000705200000, 0x0000000800000000)
  region size 2048K, 3 young (6144K), 1 survivors (2048K)
 Metaspace       used 9790K, committed 9984K, reserved 1114112K
  class space    used 1161K, committed 1280K, reserved 1048576K

Heap Regions: E=young(eden), S=young(survivor), O=old, HS=humongous(starts), HC=humongous(continues), CS=collection set, F=free, OA=open archive, CA=closed archive, TAMS=top-at-mark-start (previous, next)
|   0|0x0000000705200000, 0x0000000705400000, 0x0000000705400000|100%| O|  |TAMS 0x0000000705200000, 0x0000000705200000| Untracked 
|   1|0x0000000705400000, 0x0000000705600000, 0x0000000705600000|100%| O|  |TAMS 0x0000000705400000, 0x0000000705400000| Untracked 
|   2|0x0000000705600000, 0x0000000705641400, 0x0000000705800000| 12%| O|  |TAMS 0x0000000705600000, 0x0000000705600000| Untracked 
|   3|0x0000000705800000, 0x0000000705800000, 0x0000000705a00000|  0%| F|  |TAMS 0x0000000705800000, 0x0000000705800000| Untracked 
|   4|0x0000000705a00000, 0x0000000705a00000, 0x0000000705c00000|  0%| F|  |TAMS 0x0000000705a00000, 0x0000000705a00000| Untracked 
|   5|0x0000000705c00000, 0x0000000705c00000, 0x0000000705e00000|  0%| F|  |TAMS 0x0000000705c00000, 0x0000000705c00000| Untracked 
|   6|0x0000000705e00000, 0x0000000705e00000, 0x0000000706000000|  0%| F|  |TAMS 0x0000000705e00000, 0x0000000705e00000| Untracked 
|   7|0x0000000706000000, 0x0000000706000000, 0x0000000706200000|  0%| F|  |TAMS 0x0000000706000000, 0x0000000706000000| Untracked 
|   8|0x0000000706200000, 0x0000000706400000, 0x0000000706400000|100%| S|CS|TAMS 0x0000000706200000, 0x0000000706200000| Complete 
|   9|0x0000000706400000, 0x0000000706400000, 0x0000000706600000|  0%| F|  |TAMS 0x0000000706400000, 0x0000000706400000| Untracked 
|  10|0x0000000706600000, 0x0000000706600000, 0x0000000706800000|  0%| F|  |TAMS 0x0000000706600000, 0x0000000706600000| Untracked 
|  11|0x0000000706800000, 0x000000070685b8c0, 0x0000000706a00000| 17%| E|  |TAMS 0x0000000706800000, 0x0000000706800000| Complete 
|  12|0x0000000706a00000, 0x0000000706c00000, 0x0000000706c00000|100%| E|CS|TAMS 0x0000000706a00000, 0x0000000706a00000| Complete 
|2006|0x00000007ffe00000, 0x0000000800000000, 0x0000000800000000|100%| O|  |TAMS 0x00000007ffe00000, 0x00000007ffe00000| Untracked 

Card table byte_map: [0x000001ebeb5c0000,0x000001ebebda0000] _byte_map_base: 0x000001ebe7d97000

Marking Bits (Prev, Next): (CMBitMap*) 0x000001ebd403e770, (CMBitMap*) 0x000001ebd403e7b0
 Prev Bits: [0x000001ebec580000, 0x000001ebf0438000)
 Next Bits: [0x000001ebf0440000, 0x000001ebf42f8000)

Polling page: 0x000001ebd37a0000

Metaspace:

Usage:
  Non-class:      8.43 MB used.
      Class:      1.13 MB used.
       Both:      9.56 MB used.

Virtual space:
  Non-class space:       64.00 MB reserved,       8.50 MB ( 13%) committed,  1 nodes.
      Class space:        1.00 GB reserved,       1.25 MB ( <1%) committed,  1 nodes.
             Both:        1.06 GB reserved,       9.75 MB ( <1%) committed. 

Chunk freelists:
   Non-Class:  5.45 MB
       Class:  14.76 MB
        Both:  20.22 MB

MaxMetaspaceSize: unlimited
CompressedClassSpaceSize: 1.00 GB
Initial GC threshold: 21.00 MB
Current GC threshold: 21.00 MB
CDS: on
MetaspaceReclaimPolicy: balanced
 - commit_granule_bytes: 65536.
 - commit_granule_words: 8192.
 - virtual_space_node_default_size: 8388608.
 - enlarge_chunks_in_place: 1.
 - new_chunks_are_fully_committed: 0.
 - uncommit_free_chunks: 1.
 - use_allocation_guard: 0.
 - handle_deallocations: 1.


Internal statistics:

num_allocs_failed_limit: 0.
num_arena_births: 84.
num_arena_deaths: 0.
num_vsnodes_births: 2.
num_vsnodes_deaths: 0.
num_space_committed: 156.
num_space_uncommitted: 0.
num_chunks_returned_to_freelist: 0.
num_chunks_taken_from_freelist: 417.
num_chunk_merges: 0.
num_chunk_splits: 294.
num_chunks_enlarged: 229.
num_inconsistent_stats: 0.

CodeHeap 'non-profiled nmethods': size=120000Kb used=510Kb max_used=510Kb free=119489Kb
 bounds [0x000001ebe3360000, 0x000001ebe35d0000, 0x000001ebea890000]
CodeHeap 'profiled nmethods': size=120000Kb used=2499Kb max_used=2499Kb free=117500Kb
 bounds [0x000001ebdb890000, 0x000001ebdbb10000, 0x000001ebe2dc0000]
CodeHeap 'non-nmethods': size=5760Kb used=1150Kb max_used=1186Kb free=4609Kb
 bounds [0x000001ebe2dc0000, 0x000001ebe3030000, 0x000001ebe3360000]
 total_blobs=1921 nmethods=1489 adapters=344
 compilation: enabled
              stopped_count=0, restarted_count=0
 full_count=0

Compilation events (20 events):
Event: 1.568 Thread 0x000001ebf6f569a0 1466       3       java.util.stream.StreamSupport::stream (19 bytes)
Event: 1.568 Thread 0x000001ebf6f569a0 nmethod 1466 0x000001ebdbaf1d90 code [0x000001ebdbaf1f60, 0x000001ebdbaf2388]
Event: 1.568 Thread 0x000001ebf6f569a0 1467       3       com.sun.tools.javac.util.List::map (83 bytes)
Event: 1.569 Thread 0x000001ebf6f569a0 nmethod 1467 0x000001ebdbaf2590 code [0x000001ebdbaf2800, 0x000001ebdbaf3498]
Event: 1.569 Thread 0x000001ebf6f569a0 1468       3       com.sun.tools.javac.code.Type::equalsIgnoreMetadata (12 bytes)
Event: 1.569 Thread 0x000001ebf6f569a0 nmethod 1468 0x000001ebdbaf3890 code [0x000001ebdbaf3a80, 0x000001ebdbaf4088]
Event: 1.569 Thread 0x000001ebf6f569a0 1469       3       com.sun.tools.javac.comp.InferenceContext::free (9 bytes)
Event: 1.569 Thread 0x000001ebf6f569a0 nmethod 1469 0x000001ebdbaf4210 code [0x000001ebdbaf43c0, 0x000001ebdbaf45a8]
Event: 1.573 Thread 0x000001ebf6f569a0 1470       3       com.sun.tools.javac.util.JCDiagnostic$DiagnosticInfo::<init> (26 bytes)
Event: 1.573 Thread 0x000001ebf6f569a0 nmethod 1470 0x000001ebdbaf4690 code [0x000001ebdbaf4840, 0x000001ebdbaf4b38]
Event: 1.574 Thread 0x000001ebf6f569a0 1471       3       com.sun.tools.javac.tree.TreeScanner::scan (10 bytes)
Event: 1.574 Thread 0x000001ebf6f569a0 nmethod 1471 0x000001ebdbaf4c10 code [0x000001ebdbaf4dc0, 0x000001ebdbaf4fe8]
Event: 1.575 Thread 0x000001ebf6f569a0 1472       1       com.sun.tools.javac.code.Type$MethodType::getReturnType (5 bytes)
Event: 1.575 Thread 0x000001ebf6f569a0 nmethod 1472 0x000001ebe33ddb90 code [0x000001ebe33ddd20, 0x000001ebe33dddf8]
Event: 1.577 Thread 0x000001ebf6f569a0 1473       3       com.sun.tools.javac.code.Types$TypeMapping::visit (12 bytes)
Event: 1.577 Thread 0x000001ebf6f569a0 nmethod 1473 0x000001ebdbaf5090 code [0x000001ebdbaf52a0, 0x000001ebdbaf59f8]
Event: 1.577 Thread 0x000001ebf6f569a0 1475       3       com.sun.tools.javac.code.Scope$ScopeImpl$2::hasNext (92 bytes)
Event: 1.578 Thread 0x000001ebf6f569a0 nmethod 1475 0x000001ebdbaf5c90 code [0x000001ebdbaf5e60, 0x000001ebdbaf6338]
Event: 1.578 Thread 0x000001ebf6f569a0 1474       3       com.sun.tools.javac.code.Types$TypeMapping$$Lambda$179/0x000001eb81122998::<init> (15 bytes)
Event: 1.578 Thread 0x000001ebf6f569a0 nmethod 1474 0x000001ebdbaf6510 code [0x000001ebdbaf66c0, 0x000001ebdbaf68f8]

GC Heap History (20 events):
Event: 0.125 GC heap before
{Heap before GC invocations=0 (full 0):
 garbage-first heap   total 8192K, used 2048K [0x0000000705200000, 0x0000000800000000)
  region size 2048K, 1 young (2048K), 0 survivors (0K)
 Metaspace       used 1611K, committed 1792K, reserved 1114112K
  class space    used 193K, committed 256K, reserved 1048576K
}
Event: 0.127 GC heap after
{Heap after GC invocations=1 (full 0):
 garbage-first heap   total 8192K, used 1120K [0x0000000705200000, 0x0000000800000000)
  region size 2048K, 1 young (2048K), 1 survivors (2048K)
 Metaspace       used 1611K, committed 1792K, reserved 1114112K
  class space    used 193K, committed 256K, reserved 1048576K
}
Event: 0.208 GC heap before
{Heap before GC invocations=1 (full 0):
 garbage-first heap   total 8192K, used 1120K [0x0000000705200000, 0x0000000800000000)
  region size 2048K, 2 young (4096K), 1 survivors (2048K)
 Metaspace       used 5064K, committed 5248K, reserved 1114112K
  class space    used 622K, committed 704K, reserved 1048576K
}
Event: 0.211 GC heap after
{Heap after GC invocations=2 (full 0):
 garbage-first heap   total 8192K, used 1779K [0x0000000705200000, 0x0000000800000000)
  region size 2048K, 1 young (2048K), 1 survivors (2048K)
 Metaspace       used 5064K, committed 5248K, reserved 1114112K
  class space    used 622K, committed 704K, reserved 1048576K
}
Event: 0.262 GC heap before
{Heap before GC invocations=2 (full 0):
 garbage-first heap   total 8192K, used 1779K [0x0000000705200000, 0x0000000800000000)
  region size 2048K, 2 young (4096K), 1 survivors (2048K)
 Metaspace       used 6905K, committed 7104K, reserved 1114112K
  class space    used 828K, committed 896K, reserved 1048576K
}
Event: 0.265 GC heap after
{Heap after GC invocations=3 (full 0):
 garbage-first heap   total 8192K, used 2994K [0x0000000705200000, 0x0000000800000000)
  region size 2048K, 1 young (2048K), 1 survivors (2048K)
 Metaspace       used 6905K, committed 7104K, reserved 1114112K
  class space    used 828K, committed 896K, reserved 1048576K
}
Event: 0.314 GC heap before
{Heap before GC invocations=3 (full 0):
 garbage-first heap   total 8192K, used 2994K [0x0000000705200000, 0x0000000800000000)
  region size 2048K, 2 young (4096K), 1 survivors (2048K)
 Metaspace       used 7777K, committed 7936K, reserved 1114112K
  class space    used 904K, committed 960K, reserved 1048576K
}
Event: 0.316 GC heap after
{Heap after GC invocations=4 (full 0):
 garbage-first heap   total 10240K, used 3888K [0x0000000705200000, 0x0000000800000000)
  region size 2048K, 1 young (2048K), 1 survivors (2048K)
 Metaspace       used 7777K, committed 7936K, reserved 1114112K
  class space    used 904K, committed 960K, reserved 1048576K
}
Event: 0.350 GC heap before
{Heap before GC invocations=4 (full 0):
 garbage-first heap   total 10240K, used 3888K [0x0000000705200000, 0x0000000800000000)
  region size 2048K, 2 young (4096K), 1 survivors (2048K)
 Metaspace       used 8219K, committed 8384K, reserved 1114112K
  class space    used 963K, committed 1024K, reserved 1048576K
}
Event: 0.351 GC heap after
{Heap after GC invocations=5 (full 0):
 garbage-first heap   total 14336K, used 4995K [0x0000000705200000, 0x0000000800000000)
  region size 2048K, 1 young (2048K), 1 survivors (2048K)
 Metaspace       used 8219K, committed 8384K, reserved 1114112K
  class space    used 963K, committed 1024K, reserved 1048576K
}
Event: 0.361 GC heap before
{Heap before GC invocations=5 (full 0):
 garbage-first heap   total 14336K, used 7043K [0x0000000705200000, 0x0000000800000000)
  region size 2048K, 2 young (4096K), 1 survivors (2048K)
 Metaspace       used 8225K, committed 8384K, reserved 1114112K
  class space    used 963K, committed 1024K, reserved 1048576K
}
Event: 0.364 GC heap after
{Heap after GC invocations=6 (full 0):
 garbage-first heap   total 14336K, used 6206K [0x0000000705200000, 0x0000000800000000)
  region size 2048K, 1 young (2048K), 1 survivors (2048K)
 Metaspace       used 8225K, committed 8384K, reserved 1114112K
  class space    used 963K, committed 1024K, reserved 1048576K
}
Event: 0.372 GC heap before
{Heap before GC invocations=6 (full 0):
 garbage-first heap   total 14336K, used 6206K [0x0000000705200000, 0x0000000800000000)
  region size 2048K, 2 young (4096K), 1 survivors (2048K)
 Metaspace       used 8249K, committed 8448K, reserved 1114112K
  class space    used 965K, committed 1088K, reserved 1048576K
}
Event: 0.373 GC heap after
{Heap after GC invocations=7 (full 0):
 garbage-first heap   total 14336K, used 6458K [0x0000000705200000, 0x0000000800000000)
  region size 2048K, 1 young (2048K), 1 survivors (2048K)
 Metaspace       used 8249K, committed 8448K, reserved 1114112K
  class space    used 965K, committed 1088K, reserved 1048576K
}
Event: 0.393 GC heap before
{Heap before GC invocations=7 (full 0):
 garbage-first heap   total 14336K, used 6458K [0x0000000705200000, 0x0000000800000000)
  region size 2048K, 2 young (4096K), 1 survivors (2048K)
 Metaspace       used 8468K, committed 8704K, reserved 1114112K
  class space    used 995K, committed 1088K, reserved 1048576K
}
Event: 0.395 GC heap after
{Heap after GC invocations=8 (full 0):
 garbage-first heap   total 14336K, used 6723K [0x0000000705200000, 0x0000000800000000)
  region size 2048K, 1 young (2048K), 1 survivors (2048K)
 Metaspace       used 8468K, committed 8704K, reserved 1114112K
  class space    used 995K, committed 1088K, reserved 1048576K
}
Event: 0.441 GC heap before
{Heap before GC invocations=8 (full 0):
 garbage-first heap   total 14336K, used 6723K [0x0000000705200000, 0x0000000800000000)
  region size 2048K, 2 young (4096K), 1 survivors (2048K)
 Metaspace       used 8653K, committed 8832K, reserved 1114112K
  class space    used 1010K, committed 1088K, reserved 1048576K
}
Event: 0.443 GC heap after
{Heap after GC invocations=9 (full 0):
 garbage-first heap   total 28672K, used 7032K [0x0000000705200000, 0x0000000800000000)
  region size 2048K, 1 young (2048K), 1 survivors (2048K)
 Metaspace       used 8653K, committed 8832K, reserved 1114112K
  class space    used 1010K, committed 1088K, reserved 1048576K
}
Event: 0.520 GC heap before
{Heap before GC invocations=9 (full 0):
 garbage-first heap   total 28672K, used 15224K [0x0000000705200000, 0x0000000800000000)
  region size 2048K, 5 young (10240K), 1 survivors (2048K)
 Metaspace       used 9019K, committed 9152K, reserved 1114112K
  class space    used 1049K, committed 1088K, reserved 1048576K
}
Event: 0.522 GC heap after
{Heap after GC invocations=10 (full 0):
 garbage-first heap   total 28672K, used 8453K [0x0000000705200000, 0x0000000800000000)
  region size 2048K, 1 young (2048K), 1 survivors (2048K)
 Metaspace       used 9019K, committed 9152K, reserved 1114112K
  class space    used 1049K, committed 1088K, reserved 1048576K
}

Deoptimization events (20 events):
Event: 0.494 Thread 0x000001ebd3fd5970 Uncommon trap: trap_request=0xffffff6e fr.pc=0x000001ebe33c863c relative=0x000000000000031c
Event: 0.494 Thread 0x000001ebd3fd5970 Uncommon trap: reason=loop_limit_check action=maybe_recompile pc=0x000001ebe33c863c method=java.lang.StringLatin1.indexOf([BI[BII)I @ 37 c2
Event: 0.494 Thread 0x000001ebd3fd5970 DEOPT PACKING pc=0x000001ebe33c863c sp=0x00000074f1cfdb10
Event: 0.494 Thread 0x000001ebd3fd5970 DEOPT UNPACKING pc=0x000001ebe2e123a3 sp=0x00000074f1cfda70 mode 2
Event: 0.531 Thread 0x000001ebd3fd5970 Uncommon trap: trap_request=0xffffff45 fr.pc=0x000001ebe33cec7c relative=0x0000000000000a3c
Event: 0.531 Thread 0x000001ebd3fd5970 Uncommon trap: reason=unstable_if action=reinterpret pc=0x000001ebe33cec7c method=com.sun.tools.javac.util.ArrayUtils.ensureCapacity([BI)[B @ 3 c2
Event: 0.531 Thread 0x000001ebd3fd5970 DEOPT PACKING pc=0x000001ebe33cec7c sp=0x00000074f1cfda50
Event: 0.531 Thread 0x000001ebd3fd5970 DEOPT UNPACKING pc=0x000001ebe2e123a3 sp=0x00000074f1cfd978 mode 2
Event: 1.569 Thread 0x000001ebd3fd5970 Uncommon trap: trap_request=0xffffffc6 fr.pc=0x000001ebe339dda0 relative=0x00000000000011e0
Event: 1.569 Thread 0x000001ebd3fd5970 Uncommon trap: reason=bimorphic_or_optimized_type_check action=maybe_recompile pc=0x000001ebe339dda0 method=java.util.HashMap.putVal(ILjava/lang/Object;Ljava/lang/Object;ZZ)Ljava/lang/Object; @ 56 c2
Event: 1.569 Thread 0x000001ebd3fd5970 DEOPT PACKING pc=0x000001ebe339dda0 sp=0x00000074f1cfee20
Event: 1.569 Thread 0x000001ebd3fd5970 DEOPT UNPACKING pc=0x000001ebe2e123a3 sp=0x00000074f1cfed50 mode 2
Event: 1.576 Thread 0x000001ebd3fd5970 Uncommon trap: trap_request=0xffffffc6 fr.pc=0x000001ebe339dee8 relative=0x0000000000001328
Event: 1.576 Thread 0x000001ebd3fd5970 Uncommon trap: reason=bimorphic_or_optimized_type_check action=maybe_recompile pc=0x000001ebe339dee8 method=java.util.HashMap.putVal(ILjava/lang/Object;Ljava/lang/Object;ZZ)Ljava/lang/Object; @ 253 c2
Event: 1.576 Thread 0x000001ebd3fd5970 DEOPT PACKING pc=0x000001ebe339dee8 sp=0x00000074f1cfed90
Event: 1.576 Thread 0x000001ebd3fd5970 DEOPT UNPACKING pc=0x000001ebe2e123a3 sp=0x00000074f1cfece8 mode 2
Event: 1.577 Thread 0x000001ebd3fd5970 Uncommon trap: trap_request=0xffffffc6 fr.pc=0x000001ebe339dee8 relative=0x0000000000001328
Event: 1.577 Thread 0x000001ebd3fd5970 Uncommon trap: reason=bimorphic_or_optimized_type_check action=maybe_recompile pc=0x000001ebe339dee8 method=java.util.HashMap.putVal(ILjava/lang/Object;Ljava/lang/Object;ZZ)Ljava/lang/Object; @ 253 c2
Event: 1.577 Thread 0x000001ebd3fd5970 DEOPT PACKING pc=0x000001ebe339dee8 sp=0x00000074f1cfed70
Event: 1.577 Thread 0x000001ebd3fd5970 DEOPT UNPACKING pc=0x000001ebe2e123a3 sp=0x00000074f1cfecc8 mode 2

Classes unloaded (0 events):
No events

Classes redefined (0 events):
No events

Internal exceptions (20 events):
Event: 0.152 Thread 0x000001ebd3fd5970 Exception <a 'java/lang/NoSuchMethodError'{0x00000007058a8028}: 'int java.lang.invoke.DirectMethodHandle$Holder.invokeVirtual(java.lang.Object, java.lang.Object, java.lang.Object)'> (0x00000007058a8028) 
thrown [s\open\src\hotspot\share\interpreter\linkResolver.cpp, line 759]
Event: 0.152 Thread 0x000001ebd3fd5970 Exception <a 'java/lang/NoSuchMethodError'{0x00000007058ae978}: 'void java.lang.invoke.DirectMethodHandle$Holder.invokeInterface(java.lang.Object, java.lang.Object, java.lang.Object)'> (0x00000007058ae978) 
thrown [s\open\src\hotspot\share\interpreter\linkResolver.cpp, line 759]
Event: 0.192 Thread 0x000001ebd3fd5970 Exception <a 'java/lang/NoSuchMethodError'{0x00000007059c2ef8}: 'int java.lang.invoke.DirectMethodHandle$Holder.invokeStaticInit(java.lang.Object, java.lang.Object)'> (0x00000007059c2ef8) 
thrown [s\open\src\hotspot\share\interpreter\linkResolver.cpp, line 759]
Event: 0.227 Thread 0x000001ebd3fd5970 Exception <a 'java/lang/NoSuchMethodError'{0x0000000705866040}: 'int java.lang.invoke.DirectMethodHandle$Holder.invokeVirtual(java.lang.Object, java.lang.Object)'> (0x0000000705866040) 
thrown [s\open\src\hotspot\share\interpreter\linkResolver.cpp, line 759]
Event: 0.231 Thread 0x000001ebd3fd5970 Exception <a 'java/lang/NoSuchMethodError'{0x000000070588d280}: 'java.lang.Object java.lang.invoke.DirectMethodHandle$Holder.newInvokeSpecial(java.lang.Object, java.lang.Object, java.lang.Object, java.lang.Object, java.lang.Object)'> (0x000000070588d280) 
thrown [s\open\src\hotspot\share\interpreter\linkResolver.cpp, line 759]
Event: 0.232 Thread 0x000001ebd3fd5970 Exception <a 'java/lang/NoSuchMethodError'{0x000000070589bbc8}: 'java.lang.Object java.lang.invoke.DirectMethodHandle$Holder.newInvokeSpecial(java.lang.Object, java.lang.Object, java.lang.Object, java.lang.Object, java.lang.Object, java.lang.Object)'> (0x000000070589bbc8) 
thrown [s\open\src\hotspot\share\interpreter\linkResolver.cpp, line 759]
Event: 0.241 Thread 0x000001ebd3fd5970 Exception <a 'sun/nio/fs/WindowsException'{0x00000007058e53c8}> (0x00000007058e53c8) 
thrown [s\open\src\hotspot\share\prims\jni.cpp, line 516]
Event: 0.241 Thread 0x000001ebd3fd5970 Exception <a 'sun/nio/fs/WindowsException'{0x00000007058e56e0}> (0x00000007058e56e0) 
thrown [s\open\src\hotspot\share\prims\jni.cpp, line 516]
Event: 0.241 Thread 0x000001ebd3fd5970 Exception <a 'java/lang/NoSuchMethodError'{0x00000007058e71d8}: 'java.lang.Object java.lang.invoke.DirectMethodHandle$Holder.invokeStaticInit(java.lang.Object)'> (0x00000007058e71d8) 
thrown [s\open\src\hotspot\share\interpreter\linkResolver.cpp, line 759]
Event: 0.295 Thread 0x000001ebd3fd5970 Exception <a 'java/lang/NoSuchMethodError'{0x00000007058ff140}: 'java.lang.Object java.lang.invoke.DirectMethodHandle$Holder.invokeVirtual(java.lang.Object, java.lang.Object, java.lang.Object, int, int)'> (0x00000007058ff140) 
thrown [s\open\src\hotspot\share\interpreter\linkResolver.cpp, line 759]
Event: 0.296 Thread 0x000001ebd3fd5970 Exception <a 'java/lang/NoSuchMethodError'{0x0000000705905d88}: 'java.lang.Object java.lang.invoke.DirectMethodHandle$Holder.invokeVirtual(java.lang.Object, java.lang.Object, int)'> (0x0000000705905d88) 
thrown [s\open\src\hotspot\share\interpreter\linkResolver.cpp, line 759]
Event: 0.297 Thread 0x000001ebd3fd5970 Exception <a 'java/lang/NoSuchMethodError'{0x000000070590ee20}: 'java.lang.Object java.lang.invoke.DirectMethodHandle$Holder.invokeSpecial(java.lang.Object, java.lang.Object, java.lang.Object, int, int)'> (0x000000070590ee20) 
thrown [s\open\src\hotspot\share\interpreter\linkResolver.cpp, line 759]
Event: 0.371 Thread 0x000001ebd3fd5970 Exception <a 'java/lang/NoSuchMethodError'{0x0000000705dc9d08}: 'void java.lang.invoke.DirectMethodHandle$Holder.invokeSpecial(java.lang.Object, java.lang.Object, java.lang.Object, java.lang.Object, java.lang.Object)'> (0x0000000705dc9d08) 
thrown [s\open\src\hotspot\share\interpreter\linkResolver.cpp, line 759]
Event: 0.374 Thread 0x000001ebd3fd5970 Exception <a 'java/lang/NoSuchMethodError'{0x0000000705c1b018}: 'void java.lang.invoke.DirectMethodHandle$Holder.invokeStatic(java.lang.Object, java.lang.Object)'> (0x0000000705c1b018) 
thrown [s\open\src\hotspot\share\interpreter\linkResolver.cpp, line 759]
Event: 0.413 Thread 0x000001ebd3fd5970 Exception <a 'java/lang/NoSuchMethodError'{0x0000000705cbfa00}: 'int java.lang.invoke.DirectMethodHandle$Holder.invokeSpecial(java.lang.Object, java.lang.Object, java.lang.Object)'> (0x0000000705cbfa00) 
thrown [s\open\src\hotspot\share\interpreter\linkResolver.cpp, line 759]
Event: 0.436 Thread 0x000001ebd3fd5970 Exception <a 'java/lang/NoSuchMethodError'{0x0000000705d99170}: 'java.lang.Object java.lang.invoke.DirectMethodHandle$Holder.invokeStatic(java.lang.Object, java.lang.Object, int, int)'> (0x0000000705d99170) 
thrown [s\open\src\hotspot\share\interpreter\linkResolver.cpp, line 759]
Event: 0.501 Thread 0x000001ebd3fd5970 Exception <a 'java/lang/NoSuchMethodError'{0x000000070679e718}: 'java.lang.Object java.lang.invoke.DirectMethodHandle$Holder.invokeInterface(java.lang.Object, java.lang.Object)'> (0x000000070679e718) 
thrown [s\open\src\hotspot\share\interpreter\linkResolver.cpp, line 759]
Event: 1.542 Thread 0x000001ebd3fd5970 Exception <a 'java/lang/NoSuchMethodError'{0x0000000706af7c40}: 'int java.lang.invoke.DirectMethodHandle$Holder.invokeVirtual(java.lang.Object, java.lang.Object, java.lang.Object, java.lang.Object)'> (0x0000000706af7c40) 
thrown [s\open\src\hotspot\share\interpreter\linkResolver.cpp, line 759]
Event: 1.545 Thread 0x000001ebd3fd5970 Exception <a 'java/lang/NoSuchMethodError'{0x0000000706b02d28}: 'java.lang.Object java.lang.invoke.DirectMethodHandle$Holder.newInvokeSpecial(java.lang.Object, java.lang.Object, int, java.lang.Object)'> (0x0000000706b02d28) 
thrown [s\open\src\hotspot\share\interpreter\linkResolver.cpp, line 759]
Event: 1.545 Thread 0x000001ebd3fd5970 Exception <a 'java/lang/NoSuchMethodError'{0x0000000706b073b0}: 'java.lang.Object java.lang.invoke.DirectMethodHandle$Holder.invokeSpecial(java.lang.Object, java.lang.Object, java.lang.Object, int, java.lang.Object)'> (0x0000000706b073b0) 
thrown [s\open\src\hotspot\share\interpreter\linkResolver.cpp, line 759]

VM Operations (20 events):
Event: 0.314 Executing VM operation: G1CollectForAllocation
Event: 0.316 Executing VM operation: G1CollectForAllocation done
Event: 0.350 Executing VM operation: G1CollectForAllocation
Event: 0.351 Executing VM operation: G1CollectForAllocation done
Event: 0.361 Executing VM operation: G1CollectForAllocation
Event: 0.364 Executing VM operation: G1CollectForAllocation done
Event: 0.372 Executing VM operation: G1CollectForAllocation
Event: 0.373 Executing VM operation: G1CollectForAllocation done
Event: 0.393 Executing VM operation: G1CollectForAllocation
Event: 0.395 Executing VM operation: G1CollectForAllocation done
Event: 0.441 Executing VM operation: G1CollectForAllocation
Event: 0.443 Executing VM operation: G1CollectForAllocation done
Event: 0.471 Executing VM operation: HandshakeAllThreads
Event: 0.471 Executing VM operation: HandshakeAllThreads done
Event: 0.520 Executing VM operation: G1CollectForAllocation
Event: 0.522 Executing VM operation: G1CollectForAllocation done
Event: 1.534 Executing VM operation: Cleanup
Event: 1.535 Executing VM operation: Cleanup done
Event: 2.543 Executing VM operation: Cleanup
Event: 2.595 Executing VM operation: Cleanup done

Events (20 events):
Event: 0.386 loading class java/util/stream/Nodes$SpinedNodeBuilder
Event: 0.386 loading class java/util/stream/Node$Builder
Event: 0.386 loading class java/util/stream/Node$Builder done
Event: 0.386 loading class java/util/stream/Nodes$SpinedNodeBuilder done
Event: 0.437 loading class java/lang/invoke/MethodHandle$1
Event: 0.437 loading class java/lang/invoke/MethodHandle$1 done
Event: 0.471 loading class jdk/internal/jimage/ImageReader$LinkNode
Event: 0.471 loading class jdk/internal/jimage/ImageReader$LinkNode done
Event: 0.533 loading class java/util/stream/Nodes$FixedNodeBuilder
Event: 0.533 loading class java/util/stream/Nodes$ArrayNode
Event: 0.533 loading class java/util/stream/Nodes$ArrayNode done
Event: 0.533 loading class java/util/stream/Nodes$FixedNodeBuilder done
Event: 1.551 loading class java/util/EnumMap$EntrySet
Event: 1.551 loading class java/util/EnumMap$EntrySet done
Event: 1.551 loading class java/util/EnumMap$EntryIterator
Event: 1.551 loading class java/util/EnumMap$EnumMapIterator
Event: 1.551 loading class java/util/EnumMap$EnumMapIterator done
Event: 1.551 loading class java/util/EnumMap$EntryIterator done
Event: 1.551 loading class java/util/EnumMap$EntryIterator$Entry
Event: 1.552 loading class java/util/EnumMap$EntryIterator$Entry done


Dynamic libraries:
0x00007ff7615f0000 - 0x00007ff7615f8000 	C:\Program Files\Java\jdk-17\bin\javac.exe
0x00007ffde7f00000 - 0x00007ffde8167000 	C:\WINDOWS\SYSTEM32\ntdll.dll
0x00007ffde6260000 - 0x00007ffde6329000 	C:\WINDOWS\System32\KERNEL32.DLL
0x00007ffde58a0000 - 0x00007ffde5c8f000 	C:\WINDOWS\System32\KERNELBASE.dll
0x00007ffde5110000 - 0x00007ffde525b000 	C:\WINDOWS\System32\ucrtbase.dll
0x00007ffdd4b60000 - 0x00007ffdd4b7b000 	C:\Program Files\Java\jdk-17\bin\VCRUNTIME140.dll
0x00007ffdd4a90000 - 0x00007ffdd4aa9000 	C:\Program Files\Java\jdk-17\bin\jli.dll
0x00007ffde6170000 - 0x00007ffde6224000 	C:\WINDOWS\System32\ADVAPI32.dll
0x00007ffde60c0000 - 0x00007ffde6169000 	C:\WINDOWS\System32\msvcrt.dll
0x00007ffde7c30000 - 0x00007ffde7cd6000 	C:\WINDOWS\System32\sechost.dll
0x00007ffde7b10000 - 0x00007ffde7c28000 	C:\WINDOWS\System32\RPCRT4.dll
0x00007ffde7850000 - 0x00007ffde7a15000 	C:\WINDOWS\System32\USER32.dll
0x00007ffdbf730000 - 0x00007ffdbf9c3000 	C:\WINDOWS\WinSxS\amd64_microsoft.windows.common-controls_6595b64144ccf1df_6.0.26100.7309_none_3e05feeae336a044\COMCTL32.dll
0x00007ffde50e0000 - 0x00007ffde5107000 	C:\WINDOWS\System32\win32u.dll
0x00007ffde7a20000 - 0x00007ffde7a4b000 	C:\WINDOWS\System32\GDI32.dll
0x00007ffde56b0000 - 0x00007ffde57dc000 	C:\WINDOWS\System32\gdi32full.dll
0x00007ffde5490000 - 0x00007ffde5533000 	C:\WINDOWS\System32\msvcp_win.dll
0x00007ffdddad0000 - 0x00007ffdddadb000 	C:\WINDOWS\SYSTEM32\VERSION.dll
0x00007ffde6080000 - 0x00007ffde60b1000 	C:\WINDOWS\System32\IMM32.DLL
0x00007ffdcd100000 - 0x00007ffdcd10c000 	C:\Program Files\Java\jdk-17\bin\vcruntime140_1.dll
0x00007ffd7e1f0000 - 0x00007ffd7e27e000 	C:\Program Files\Java\jdk-17\bin\msvcp140.dll
0x00007ffd69ed0000 - 0x00007ffd6aab0000 	C:\Program Files\Java\jdk-17\bin\server\jvm.dll
0x00007ffde5cb0000 - 0x00007ffde5cb8000 	C:\WINDOWS\System32\PSAPI.DLL
0x00007ffddb9c0000 - 0x00007ffddb9f5000 	C:\WINDOWS\SYSTEM32\WINMM.dll
0x00007ffdbe330000 - 0x00007ffdbe33a000 	C:\WINDOWS\SYSTEM32\WSOCK32.dll
0x00007ffde6ed0000 - 0x00007ffde6f44000 	C:\WINDOWS\System32\WS2_32.dll
0x00007ffde3d20000 - 0x00007ffde3d3b000 	C:\WINDOWS\SYSTEM32\kernel.appcore.dll
0x00007ffdc3570000 - 0x00007ffdc357a000 	C:\Program Files\Java\jdk-17\bin\jimage.dll
0x00007ffdbf4e0000 - 0x00007ffdbf722000 	C:\WINDOWS\SYSTEM32\DBGHELP.DLL
0x00007ffde6330000 - 0x00007ffde66b6000 	C:\WINDOWS\System32\combase.dll
0x00007ffde5cc0000 - 0x00007ffde5d96000 	C:\WINDOWS\System32\OLEAUT32.dll
0x00007ffdbf4a0000 - 0x00007ffdbf4dc000 	C:\WINDOWS\SYSTEM32\dbgcore.DLL
0x00007ffde5260000 - 0x00007ffde5305000 	C:\WINDOWS\System32\bcryptPrimitives.dll
0x00007ffdc13d0000 - 0x00007ffdc13f5000 	C:\Program Files\Java\jdk-17\bin\java.dll
0x00007ffd7c4a0000 - 0x00007ffd7c577000 	C:\Program Files\Java\jdk-17\bin\jsvml.dll
0x00007ffde6f50000 - 0x00007ffde76a3000 	C:\WINDOWS\System32\SHELL32.dll
0x00007ffde5540000 - 0x00007ffde56aa000 	C:\WINDOWS\System32\wintypes.dll
0x00007ffde2c10000 - 0x00007ffde346e000 	C:\WINDOWS\SYSTEM32\windows.storage.dll
0x00007ffde5f10000 - 0x00007ffde6005000 	C:\WINDOWS\System32\SHCORE.dll
0x00007ffde6010000 - 0x00007ffde6076000 	C:\WINDOWS\System32\shlwapi.dll
0x00007ffde4f70000 - 0x00007ffde4f99000 	C:\WINDOWS\SYSTEM32\profapi.dll
0x00007ffdc2b30000 - 0x00007ffdc2b49000 	C:\Program Files\Java\jdk-17\bin\net.dll
0x00007ffddec00000 - 0x00007ffdded28000 	C:\WINDOWS\SYSTEM32\WINHTTP.dll
0x00007ffde4310000 - 0x00007ffde437b000 	C:\WINDOWS\system32\mswsock.dll
0x00007ffdc18b0000 - 0x00007ffdc18c6000 	C:\Program Files\Java\jdk-17\bin\nio.dll
0x00007ffdc13b0000 - 0x00007ffdc13c8000 	C:\Program Files\Java\jdk-17\bin\zip.dll

dbghelp: loaded successfully - version: 4.0.5 - missing functions: none
symbol engine: initialized successfully - sym options: 0x614 - pdb path: .;C:\Program Files\Java\jdk-17\bin;C:\WINDOWS\SYSTEM32;C:\WINDOWS\WinSxS\amd64_microsoft.windows.common-controls_6595b64144ccf1df_6.0.26100.7309_none_3e05feeae336a044;C:\Program Files\Java\jdk-17\bin\server

VM Arguments:
jvm_args: -Dapplication.home=C:\Program Files\Java\jdk-17 --add-modules=ALL-DEFAULT -Xms8m -Djdk.module.main=jdk.compiler 
java_command: jdk.compiler/com.sun.tools.javac.Main -cp backend\jasper\lib\commons-collections-3.2.2.jar;backend\jasper\lib\commons-digester-2.1.jar;backend\jasper\lib\commons-logging-1.2.jar;backend\jasper\lib\groovy-all-3.0.19-sources.jar;backend\jasper\lib\jasperreports-6.21.3.jar;backend\jasper\lib\openpdf-1.3.32.jar backend\jasper\JasperRenderer.java
java_class_path (initial): <not set>
Launcher Type: SUN_STANDARD

[Global flags]
     intx CICompilerCount                          = 4                                         {product} {ergonomic}
     uint ConcGCThreads                            = 3                                         {product} {ergonomic}
     uint G1ConcRefinementThreads                  = 10                                        {product} {ergonomic}
   size_t G1HeapRegionSize                         = 2097152                                   {product} {ergonomic}
    uintx GCDrainStackTargetSize                   = 64                                        {product} {ergonomic}
   size_t InitialHeapSize                          = 8388608                                   {product} {command line}
   size_t MarkStackSize                            = 4194304                                   {product} {ergonomic}
   size_t MaxHeapSize                              = 4208984064                                {product} {ergonomic}
   size_t MaxNewSize                               = 2524971008                                {product} {ergonomic}
   size_t MinHeapDeltaBytes                        = 2097152                                   {product} {ergonomic}
   size_t MinHeapSize                              = 8388608                                   {product} {command line}
    uintx NonNMethodCodeHeapSize                   = 5839372                                {pd product} {ergonomic}
    uintx NonProfiledCodeHeapSize                  = 122909434                              {pd product} {ergonomic}
    uintx ProfiledCodeHeapSize                     = 122909434                              {pd product} {ergonomic}
    uintx ReservedCodeCacheSize                    = 251658240                              {pd product} {ergonomic}
     bool SegmentedCodeCache                       = true                                      {product} {ergonomic}
   size_t SoftMaxHeapSize                          = 4208984064                             {manageable} {ergonomic}
     bool UseCompressedClassPointers               = true                           {product lp64_product} {ergonomic}
     bool UseCompressedOops                        = true                           {product lp64_product} {ergonomic}
     bool UseG1GC                                  = true                                      {product} {ergonomic}
     bool UseLargePagesIndividualAllocation        = false                                  {pd product} {ergonomic}

Logging:
Log output configuration:
 #0: stdout all=warning uptime,level,tags
 #1: stderr all=off uptime,level,tags

Environment Variables:
JAVA_HOME=C:\Program Files\Java\jdk-17
PATH=C:\Program Files\Common Files\Oracle\Java\javapath;C:\Program Files (x86)\Common Files\Oracle\Java\java8path;C:\Program Files (x86)\Common Files\Oracle\Java\javapath;C:\Python312\Scripts\;C:\Python312\;C:\WINDOWS\system32;C:\WINDOWS;C:\WINDOWS\System32\Wbem;C:\WINDOWS\System32\WindowsPowerShell\v1.0\;C:\WINDOWS\System32\OpenSSH\;C:\ProgramData\chocolatey\bin;C:\Program Files\Git\cmd;C:\Program Files\nodejs\;C:\Program Files\cursor\resources\app\bin;D:\apache-maven-3.9.12\bin;C:\Program Files\Java\jdk-17\bin;C:\Program Files\MySQL\MySQL Shell 8.0\bin\;C:\Users\Udenar\AppData\Local\Programs\Python\Python313\Scripts\;C:\Users\Udenar\AppData\Local\Programs\Python\Python313\;C:\Users\Udenar\AppData\Local\Microsoft\WindowsApps;C:\Users\Udenar\AppData\Local\Programs\Microsoft VS Code\bin;C:\Users\Udenar\AppData\Local\GitHubDesktop\bin;C:\ProgramData\Udenar\GitHubDesktop\bin;C:\Users\Udenar\AppData\Roaming\npm;C:\Users\Udenar\AppData\Local\Programs\Antigravity\bin;c:\Users\Udenar\.antigravity\extensions\vscjava.vscode-java-debug-0.58.5-universal\bundled\scripts\noConfigScripts
USERNAME=Udenar
LANG=es_ES.UTF-8
OS=Windows_NT
PROCESSOR_IDENTIFIER=Intel64 Family 6 Model 151 Stepping 5, GenuineIntel



---------------  S Y S T E M  ---------------

OS:
 Windows 11 , 64 bit Build 26100 (10.0.26100.7623)
OS uptime: 0 days 19:47 hours
Hyper-V role detected

CPU: total 12 (initial active 12) (6 cores per cpu, 2 threads per core) family 6 model 151 stepping 5 microcode 0x3e, cx8, cmov, fxsr, ht, mmx, 3dnowpref, sse, sse2, sse3, ssse3, sse4.1, sse4.2, popcnt, lzcnt, tsc, tscinvbit, avx, avx2, aes, erms, clmul, bmi1, bmi2, adx, sha, fma, vzeroupper, clflush, clflushopt, clwb, hv

Memory: 4k page, system-wide physical 16053M (3673M free)
TotalPageFile size 16053M (AvailPageFile size 12M)
current process WorkingSet (physical memory assigned to process): 107M, peak: 110M
current process commit charge ("private bytes"): 149M, peak: 153M

vm_info: Java HotSpot(TM) 64-Bit Server VM (17.0.12+8-LTS-286) for windows-amd64 JRE (17.0.12+8-LTS-286), built on Jun  5 2024 06:46:59 by "mach5one" with MS VC++ 17.6 (VS2022)

END.
